{"numFailedTestSuites":1,"numFailedTests":8,"numPassedTestSuites":10,"numPassedTests":95,"numPendingTestSuites":1,"numPendingTests":10,"numRuntimeErrorTestSuites":0,"numTodoTests":0,"numTotalTestSuites":12,"numTotalTests":113,"openHandles":[],"snapshot":{"added":0,"didUpdate":false,"failure":false,"filesAdded":0,"filesRemoved":0,"filesRemovedList":[],"filesUnmatched":0,"filesUpdated":0,"matched":0,"total":0,"unchecked":0,"uncheckedKeysByFile":[],"unmatched":0,"updated":0},"startTime":1783492791492,"success":false,"testResults":[{"assertionResults":[{"ancestorTitles":["Budgets Service (Unit Tests)","createBudget()"],"duration":8,"failing":false,"failureDetails":[],"failureMessages":[],"fullName":"Budgets Service (Unit Tests) createBudget() should create budget with valid data","invocations":1,"location":null,"numPassingAsserts":4,"retryReasons":[],"startAt":1783492793962,"status":"passed","title":"should create budget with valid data"},{"ancestorTitles":["Budgets Service (Unit Tests)","createBudget()"],"duration":39,"failing":false,"failureDetails":[],"failureMessages":[],"fullName":"Budgets Service (Unit Tests) createBudget() should reject budget with missing required fields","invocations":1,"location":null,"numPassingAsserts":1,"retryReasons":[],"startAt":1783492793971,"status":"passed","title":"should reject budget with missing required fields"},{"ancestorTitles":["Budgets Service (Unit Tests)","createBudget()"],"duration":2,"failing":false,"failureDetails":[],"failureMessages":[],"fullName":"Budgets Service (Unit Tests) createBudget() should reject budget with zero or negative limit","invocations":1,"location":null,"numPassingAsserts":1,"retryReasons":[],"startAt":1783492794010,"status":"passed","title":"should reject budget with zero or negative limit"},{"ancestorTitles":["Budgets Service (Unit Tests)","createBudget()"],"duration":2,"failing":false,"failureDetails":[],"failureMessages":[],"fullName":"Budgets Service (Unit Tests) createBudget() should reject budget with invalid date range","invocations":1,"location":null,"numPassingAsserts":1,"retryReasons":[],"startAt":1783492794012,"status":"passed","title":"should reject budget with invalid date range"},{"ancestorTitles":["Budgets Service (Unit Tests)","createBudget()"],"duration":2,"failing":false,"failureDetails":[],"failureMessages":[],"fullName":"Budgets Service (Unit Tests) createBudget() should reject budget with past start date","invocations":1,"location":null,"numPassingAsserts":1,"retryReasons":[],"startAt":1783492794015,"status":"passed","title":"should reject budget with past start date"},{"ancestorTitles":["Budgets Service (Unit Tests)","getBudgetById()"],"duration":1,"failing":false,"failureDetails":[],"failureMessages":[],"fullName":"Budgets Service (Unit Tests) getBudgetById() should retrieve budget by ID","invocations":1,"location":null,"numPassingAsserts":2,"retryReasons":[],"startAt":1783492794017,"status":"passed","title":"should retrieve budget by ID"},{"ancestorTitles":["Budgets Service (Unit Tests)","getBudgetById()"],"duration":1,"failing":false,"failureDetails":[],"failureMessages":[],"fullName":"Budgets Service (Unit Tests) getBudgetById() should throw error for non-existent budget","invocations":1,"location":null,"numPassingAsserts":1,"retryReasons":[],"startAt":1783492794019,"status":"passed","title":"should throw error for non-existent budget"},{"ancestorTitles":["Budgets Service (Unit Tests)","getBudgetsByUserId()"],"duration":2,"failing":false,"failureDetails":[],"failureMessages":[],"fullName":"Budgets Service (Unit Tests) getBudgetsByUserId() should retrieve all budgets for user","invocations":1,"location":null,"numPassingAsserts":5,"retryReasons":[],"startAt":1783492794020,"status":"passed","title":"should retrieve all budgets for user"},{"ancestorTitles":["Budgets Service (Unit Tests)","getBudgetsByUserId()"],"duration":1,"failing":false,"failureDetails":[],"failureMessages":[],"fullName":"Budgets Service (Unit Tests) getBudgetsByUserId() should retrieve only active budgets","invocations":1,"location":null,"numPassingAsserts":1,"retryReasons":[],"startAt":1783492794022,"status":"passed","title":"should retrieve only active budgets"},{"ancestorTitles":["Budgets Service (Unit Tests)","updateBudget()"],"duration":1,"failing":false,"failureDetails":[],"failureMessages":[],"fullName":"Budgets Service (Unit Tests) updateBudget() should update budget limit","invocations":1,"location":null,"numPassingAsserts":2,"retryReasons":[],"startAt":1783492794023,"status":"passed","title":"should update budget limit"},{"ancestorTitles":["Budgets Service (Unit Tests)","updateBudget()"],"duration":1,"failing":false,"failureDetails":[],"failureMessages":[],"fullName":"Budgets Service (Unit Tests) updateBudget() should not allow updating to lower limit than spent","invocations":1,"location":null,"numPassingAsserts":1,"retryReasons":[],"startAt":1783492794024,"status":"passed","title":"should not allow updating to lower limit than spent"},{"ancestorTitles":["Budgets Service (Unit Tests)","updateBudget()"],"duration":1,"failing":false,"failureDetails":[],"failureMessages":[],"fullName":"Budgets Service (Unit Tests) updateBudget() should throw error for non-existent budget","invocations":1,"location":null,"numPassingAsserts":1,"retryReasons":[],"startAt":1783492794025,"status":"passed","title":"should throw error for non-existent budget"},{"ancestorTitles":["Budgets Service (Unit Tests)","deleteBudget()"],"duration":0,"failing":false,"failureDetails":[],"failureMessages":[],"fullName":"Budgets Service (Unit Tests) deleteBudget() should delete budget successfully","invocations":1,"location":null,"numPassingAsserts":1,"retryReasons":[],"startAt":1783492794026,"status":"passed","title":"should delete budget successfully"},{"ancestorTitles":["Budgets Service (Unit Tests)","deleteBudget()"],"duration":1,"failing":false,"failureDetails":[],"failureMessages":[],"fullName":"Budgets Service (Unit Tests) deleteBudget() should throw error for non-existent budget","invocations":1,"location":null,"numPassingAsserts":1,"retryReasons":[],"startAt":1783492794026,"status":"passed","title":"should throw error for non-existent budget"},{"ancestorTitles":["Budgets Service (Unit Tests)","getBudgetStatus()"],"duration":1,"failing":false,"failureDetails":[{}],"failureMessages":["Error: Budget not found\n    at Object.getBudgetStatus (E:\\WealthFlux\\backend\\src\\modules\\budgets\\budgets.service.js:172:13)\n    at Object.getBudgetStatus (E:\\WealthFlux\\backend\\tests\\unit\\budgets.service.test.js:178:43)\n    at Promise.finally.completed (E:\\WealthFlux\\backend\\node_modules\\jest-circus\\build\\jestAdapterInit.js:1561:28)\n    at new Promise (<anonymous>)\n    at callAsyncCircusFn (E:\\WealthFlux\\backend\\node_modules\\jest-circus\\build\\jestAdapterInit.js:1501:10)\n    at _callCircusTest (E:\\WealthFlux\\backend\\node_modules\\jest-circus\\build\\jestAdapterInit.js:1011:40)\n    at processTicksAndRejections (node:internal/process/task_queues:104:5)\n    at _runTest (E:\\WealthFlux\\backend\\node_modules\\jest-circus\\build\\jestAdapterInit.js:951:3)\n    at E:\\WealthFlux\\backend\\node_modules\\jest-circus\\build\\jestAdapterInit.js:853:7\n    at _runTestsForDescribeBlock (E:\\WealthFlux\\backend\\node_modules\\jest-circus\\build\\jestAdapterInit.js:866:11)\n    at _runTestsForDescribeBlock (E:\\WealthFlux\\backend\\node_modules\\jest-circus\\build\\jestAdapterInit.js:861:11)\n    at _runTestsForDescribeBlock (E:\\WealthFlux\\backend\\node_modules\\jest-circus\\build\\jestAdapterInit.js:861:11)\n    at run (E:\\WealthFlux\\backend\\node_modules\\jest-circus\\build\\jestAdapterInit.js:765:3)\n    at runAndTransformResultsToJestFormat (E:\\WealthFlux\\backend\\node_modules\\jest-circus\\build\\jestAdapterInit.js:1993:21)\n    at jestAdapter (E:\\WealthFlux\\backend\\node_modules\\jest-circus\\build\\runner.js:111:19)\n    at runTestInternal (E:\\WealthFlux\\backend\\node_modules\\jest-runner\\build\\index.js:276:16)\n    at runTest (E:\\WealthFlux\\backend\\node_modules\\jest-runner\\build\\index.js:344:7)"],"fullName":"Budgets Service (Unit Tests) getBudgetStatus() should return budget status with spending","invocations":1,"location":null,"numPassingAsserts":0,"retryReasons":[],"startAt":1783492794027,"status":"failed","title":"should return budget status with spending"},{"ancestorTitles":["Budgets Service (Unit Tests)","getBudgetStatus()"],"duration":1,"failing":false,"failureDetails":[],"failureMessages":[],"fullName":"Budgets Service (Unit Tests) getBudgetStatus() should identify over-budget status","invocations":1,"location":null,"numPassingAsserts":2,"retryReasons":[],"startAt":1783492794029,"status":"passed","title":"should identify over-budget status"},{"ancestorTitles":["Budgets Service (Unit Tests)","getBudgetStatus()"],"duration":3,"failing":false,"failureDetails":[{}],"failureMessages":["Error: Budget not found\n    at Object.getBudgetStatus (E:\\WealthFlux\\backend\\src\\modules\\budgets\\budgets.service.js:172:13)\n    at Object.getBudgetStatus (E:\\WealthFlux\\backend\\tests\\unit\\budgets.service.test.js:201:43)\n    at Promise.finally.completed (E:\\WealthFlux\\backend\\node_modules\\jest-circus\\build\\jestAdapterInit.js:1561:28)\n    at new Promise (<anonymous>)\n    at callAsyncCircusFn (E:\\WealthFlux\\backend\\node_modules\\jest-circus\\build\\jestAdapterInit.js:1501:10)\n    at _callCircusTest (E:\\WealthFlux\\backend\\node_modules\\jest-circus\\build\\jestAdapterInit.js:1011:40)\n    at processTicksAndRejections (node:internal/process/task_queues:104:5)\n    at _runTest (E:\\WealthFlux\\backend\\node_modules\\jest-circus\\build\\jestAdapterInit.js:951:3)\n    at E:\\WealthFlux\\backend\\node_modules\\jest-circus\\build\\jestAdapterInit.js:853:7\n    at _runTestsForDescribeBlock (E:\\WealthFlux\\backend\\node_modules\\jest-circus\\build\\jestAdapterInit.js:866:11)\n    at _runTestsForDescribeBlock (E:\\WealthFlux\\backend\\node_modules\\jest-circus\\build\\jestAdapterInit.js:861:11)\n    at _runTestsForDescribeBlock (E:\\WealthFlux\\backend\\node_modules\\jest-circus\\build\\jestAdapterInit.js:861:11)\n    at run (E:\\WealthFlux\\backend\\node_modules\\jest-circus\\build\\jestAdapterInit.js:765:3)\n    at runAndTransformResultsToJestFormat (E:\\WealthFlux\\backend\\node_modules\\jest-circus\\build\\jestAdapterInit.js:1993:21)\n    at jestAdapter (E:\\WealthFlux\\backend\\node_modules\\jest-circus\\build\\runner.js:111:19)\n    at runTestInternal (E:\\WealthFlux\\backend\\node_modules\\jest-runner\\build\\index.js:276:16)\n    at runTest (E:\\WealthFlux\\backend\\node_modules\\jest-runner\\build\\index.js:344:7)"],"fullName":"Budgets Service (Unit Tests) getBudgetStatus() should provide warning threshold","invocations":1,"location":null,"numPassingAsserts":0,"retryReasons":[],"startAt":1783492794030,"status":"failed","title":"should provide warning threshold"},{"ancestorTitles":["Budgets Service (Unit Tests)","getBudgetsByCategory()"],"duration":1,"failing":false,"failureDetails":[],"failureMessages":[],"fullName":"Budgets Service (Unit Tests) getBudgetsByCategory() should retrieve budgets for specific category","invocations":1,"location":null,"numPassingAsserts":2,"retryReasons":[],"startAt":1783492794034,"status":"passed","title":"should retrieve budgets for specific category"},{"ancestorTitles":["Budgets Service (Unit Tests)","trackBudgetSpending()"],"duration":0,"failing":false,"failureDetails":[{}],"failureMessages":["Error: Budget not found\n    at Object.trackBudgetSpending (E:\\WealthFlux\\backend\\src\\modules\\budgets\\budgets.service.js:189:13)\n    at Object.trackBudgetSpending (E:\\WealthFlux\\backend\\tests\\unit\\budgets.service.test.js:235:43)\n    at Promise.finally.completed (E:\\WealthFlux\\backend\\node_modules\\jest-circus\\build\\jestAdapterInit.js:1561:28)\n    at new Promise (<anonymous>)\n    at callAsyncCircusFn (E:\\WealthFlux\\backend\\node_modules\\jest-circus\\build\\jestAdapterInit.js:1501:10)\n    at _callCircusTest (E:\\WealthFlux\\backend\\node_modules\\jest-circus\\build\\jestAdapterInit.js:1011:40)\n    at processTicksAndRejections (node:internal/process/task_queues:104:5)\n    at _runTest (E:\\WealthFlux\\backend\\node_modules\\jest-circus\\build\\jestAdapterInit.js:951:3)\n    at E:\\WealthFlux\\backend\\node_modules\\jest-circus\\build\\jestAdapterInit.js:853:7\n    at _runTestsForDescribeBlock (E:\\WealthFlux\\backend\\node_modules\\jest-circus\\build\\jestAdapterInit.js:866:11)\n    at _runTestsForDescribeBlock (E:\\WealthFlux\\backend\\node_modules\\jest-circus\\build\\jestAdapterInit.js:861:11)\n    at _runTestsForDescribeBlock (E:\\WealthFlux\\backend\\node_modules\\jest-circus\\build\\jestAdapterInit.js:861:11)\n    at run (E:\\WealthFlux\\backend\\node_modules\\jest-circus\\build\\jestAdapterInit.js:765:3)\n    at runAndTransformResultsToJestFormat (E:\\WealthFlux\\backend\\node_modules\\jest-circus\\build\\jestAdapterInit.js:1993:21)\n    at jestAdapter (E:\\WealthFlux\\backend\\node_modules\\jest-circus\\build\\runner.js:111:19)\n    at runTestInternal (E:\\WealthFlux\\backend\\node_modules\\jest-runner\\build\\index.js:276:16)\n    at runTest (E:\\WealthFlux\\backend\\node_modules\\jest-runner\\build\\index.js:344:7)"],"fullName":"Budgets Service (Unit Tests) trackBudgetSpending() should update budget spending from transactions","invocations":1,"location":null,"numPassingAsserts":0,"retryReasons":[],"startAt":1783492794036,"status":"failed","title":"should update budget spending from transactions"},{"ancestorTitles":["Budgets Service (Unit Tests)","trackBudgetSpending()"],"duration":0,"failing":false,"failureDetails":[],"failureMessages":[],"fullName":"Budgets Service (Unit Tests) trackBudgetSpending() should not track if transaction outside budget period","invocations":1,"location":null,"numPassingAsserts":1,"retryReasons":[],"startAt":1783492794037,"status":"passed","title":"should not track if transaction outside budget period"},{"ancestorTitles":["Budgets Service (Unit Tests)","getBudgetAlerts()"],"duration":1,"failing":false,"failureDetails":[],"failureMessages":[],"fullName":"Budgets Service (Unit Tests) getBudgetAlerts() should return alerts for over-budget conditions","invocations":1,"location":null,"numPassingAsserts":4,"retryReasons":[],"startAt":1783492794038,"status":"passed","title":"should return alerts for over-budget conditions"},{"ancestorTitles":["Budgets Service (Unit Tests)","getBudgetAlerts()"],"duration":0,"failing":false,"failureDetails":[],"failureMessages":[],"fullName":"Budgets Service (Unit Tests) getBudgetAlerts() should prioritize danger alerts","invocations":1,"location":null,"numPassingAsserts":0,"retryReasons":[],"startAt":1783492794039,"status":"passed","title":"should prioritize danger alerts"},{"ancestorTitles":["Budgets Service (Unit Tests)","compareWithPreviousPeriod()"],"duration":1,"failing":false,"failureDetails":[{}],"failureMessages":["Error: Budget not found\n    at Object.compareWithPreviousPeriod (E:\\WealthFlux\\backend\\src\\modules\\budgets\\budgets.service.js:218:13)\n    at Object.compareWithPreviousPeriod (E:\\WealthFlux\\backend\\tests\\unit\\budgets.service.test.js:290:43)\n    at Promise.finally.completed (E:\\WealthFlux\\backend\\node_modules\\jest-circus\\build\\jestAdapterInit.js:1561:28)\n    at new Promise (<anonymous>)\n    at callAsyncCircusFn (E:\\WealthFlux\\backend\\node_modules\\jest-circus\\build\\jestAdapterInit.js:1501:10)\n    at _callCircusTest (E:\\WealthFlux\\backend\\node_modules\\jest-circus\\build\\jestAdapterInit.js:1011:40)\n    at processTicksAndRejections (node:internal/process/task_queues:104:5)\n    at _runTest (E:\\WealthFlux\\backend\\node_modules\\jest-circus\\build\\jestAdapterInit.js:951:3)\n    at E:\\WealthFlux\\backend\\node_modules\\jest-circus\\build\\jestAdapterInit.js:853:7\n    at _runTestsForDescribeBlock (E:\\WealthFlux\\backend\\node_modules\\jest-circus\\build\\jestAdapterInit.js:866:11)\n    at _runTestsForDescribeBlock (E:\\WealthFlux\\backend\\node_modules\\jest-circus\\build\\jestAdapterInit.js:861:11)\n    at _runTestsForDescribeBlock (E:\\WealthFlux\\backend\\node_modules\\jest-circus\\build\\jestAdapterInit.js:861:11)\n    at run (E:\\WealthFlux\\backend\\node_modules\\jest-circus\\build\\jestAdapterInit.js:765:3)\n    at runAndTransformResultsToJestFormat (E:\\WealthFlux\\backend\\node_modules\\jest-circus\\build\\jestAdapterInit.js:1993:21)\n    at jestAdapter (E:\\WealthFlux\\backend\\node_modules\\jest-circus\\build\\runner.js:111:19)\n    at runTestInternal (E:\\WealthFlux\\backend\\node_modules\\jest-runner\\build\\index.js:276:16)\n    at runTest (E:\\WealthFlux\\backend\\node_modules\\jest-runner\\build\\index.js:344:7)"],"fullName":"Budgets Service (Unit Tests) compareWithPreviousPeriod() should compare current budget with previous period","invocations":1,"location":null,"numPassingAsserts":0,"retryReasons":[],"startAt":1783492794039,"status":"failed","title":"should compare current budget with previous period"},{"ancestorTitles":["Budgets Service (Unit Tests)","compareWithPreviousPeriod()"],"duration":1,"failing":false,"failureDetails":[{}],"failureMessages":["Error: Budget not found\n    at Object.compareWithPreviousPeriod (E:\\WealthFlux\\backend\\src\\modules\\budgets\\budgets.service.js:218:13)\n    at Object.compareWithPreviousPeriod (E:\\WealthFlux\\backend\\tests\\unit\\budgets.service.test.js:301:43)\n    at Promise.finally.completed (E:\\WealthFlux\\backend\\node_modules\\jest-circus\\build\\jestAdapterInit.js:1561:28)\n    at new Promise (<anonymous>)\n    at callAsyncCircusFn (E:\\WealthFlux\\backend\\node_modules\\jest-circus\\build\\jestAdapterInit.js:1501:10)\n    at _callCircusTest (E:\\WealthFlux\\backend\\node_modules\\jest-circus\\build\\jestAdapterInit.js:1011:40)\n    at processTicksAndRejections (node:internal/process/task_queues:104:5)\n    at _runTest (E:\\WealthFlux\\backend\\node_modules\\jest-circus\\build\\jestAdapterInit.js:951:3)\n    at E:\\WealthFlux\\backend\\node_modules\\jest-circus\\build\\jestAdapterInit.js:853:7\n    at _runTestsForDescribeBlock (E:\\WealthFlux\\backend\\node_modules\\jest-circus\\build\\jestAdapterInit.js:866:11)\n    at _runTestsForDescribeBlock (E:\\WealthFlux\\backend\\node_modules\\jest-circus\\build\\jestAdapterInit.js:861:11)\n    at _runTestsForDescribeBlock (E:\\WealthFlux\\backend\\node_modules\\jest-circus\\build\\jestAdapterInit.js:861:11)\n    at run (E:\\WealthFlux\\backend\\node_modules\\jest-circus\\build\\jestAdapterInit.js:765:3)\n    at runAndTransformResultsToJestFormat (E:\\WealthFlux\\backend\\node_modules\\jest-circus\\build\\jestAdapterInit.js:1993:21)\n    at jestAdapter (E:\\WealthFlux\\backend\\node_modules\\jest-circus\\build\\runner.js:111:19)\n    at runTestInternal (E:\\WealthFlux\\backend\\node_modules\\jest-runner\\build\\index.js:276:16)\n    at runTest (E:\\WealthFlux\\backend\\node_modules\\jest-runner\\build\\index.js:344:7)"],"fullName":"Budgets Service (Unit Tests) compareWithPreviousPeriod() should identify spending trends","invocations":1,"location":null,"numPassingAsserts":0,"retryReasons":[],"startAt":1783492794040,"status":"failed","title":"should identify spending trends"},{"ancestorTitles":["Budgets Service (Unit Tests)","getSuggestedBudgets()"],"duration":2,"failing":false,"failureDetails":[],"failureMessages":[],"fullName":"Budgets Service (Unit Tests) getSuggestedBudgets() should suggest budgets based on transaction history","invocations":1,"location":null,"numPassingAsserts":13,"retryReasons":[],"startAt":1783492794041,"status":"passed","title":"should suggest budgets based on transaction history"},{"ancestorTitles":["Budgets Service (Unit Tests)","getSuggestedBudgets()"],"duration":2,"failing":false,"failureDetails":[{"matcherResult":{"message":"\u001b[2mexpect(\u001b[22m\u001b[31mreceived\u001b[39m\u001b[2m).\u001b[22mtoBeGreaterThan\u001b[2m(\u001b[22m\u001b[32mexpected\u001b[39m\u001b[2m)\u001b[22m\n\nExpected: > \u001b[32m0\u001b[39m\nReceived:   \u001b[31m0\u001b[39m","pass":false}}],"failureMessages":["Error: \u001b[2mexpect(\u001b[22m\u001b[31mreceived\u001b[39m\u001b[2m).\u001b[22mtoBeGreaterThan\u001b[2m(\u001b[22m\u001b[32mexpected\u001b[39m\u001b[2m)\u001b[22m\n\nExpected: > \u001b[32m0\u001b[39m\nReceived:   \u001b[31m0\u001b[39m\n    at toBeGreaterThan (E:\\WealthFlux\\backend\\tests\\unit\\budgets.service.test.js:334:44)\n    at Array.forEach (<anonymous>)\n    at Object.forEach (E:\\WealthFlux\\backend\\tests\\unit\\budgets.service.test.js:333:14)\n    at processTicksAndRejections (node:internal/process/task_queues:104:5)"],"fullName":"Budgets Service (Unit Tests) getSuggestedBudgets() should only suggest for categories with transaction history","invocations":1,"location":null,"numPassingAsserts":2,"retryReasons":[],"startAt":1783492794043,"status":"failed","title":"should only suggest for categories with transaction history"},{"ancestorTitles":["Budgets Service (Unit Tests)","resetBudget()"],"duration":0,"failing":false,"failureDetails":[{}],"failureMessages":["Error: Budget not found\n    at Object.resetBudget (E:\\WealthFlux\\backend\\src\\modules\\budgets\\budgets.service.js:255:13)\n    at Object.resetBudget (E:\\WealthFlux\\backend\\tests\\unit\\budgets.service.test.js:343:43)\n    at Promise.finally.completed (E:\\WealthFlux\\backend\\node_modules\\jest-circus\\build\\jestAdapterInit.js:1561:28)\n    at new Promise (<anonymous>)\n    at callAsyncCircusFn (E:\\WealthFlux\\backend\\node_modules\\jest-circus\\build\\jestAdapterInit.js:1501:10)\n    at _callCircusTest (E:\\WealthFlux\\backend\\node_modules\\jest-circus\\build\\jestAdapterInit.js:1011:40)\n    at processTicksAndRejections (node:internal/process/task_queues:104:5)\n    at _runTest (E:\\WealthFlux\\backend\\node_modules\\jest-circus\\build\\jestAdapterInit.js:951:3)\n    at E:\\WealthFlux\\backend\\node_modules\\jest-circus\\build\\jestAdapterInit.js:853:7\n    at _runTestsForDescribeBlock (E:\\WealthFlux\\backend\\node_modules\\jest-circus\\build\\jestAdapterInit.js:866:11)\n    at _runTestsForDescribeBlock (E:\\WealthFlux\\backend\\node_modules\\jest-circus\\build\\jestAdapterInit.js:861:11)\n    at _runTestsForDescribeBlock (E:\\WealthFlux\\backend\\node_modules\\jest-circus\\build\\jestAdapterInit.js:861:11)\n    at run (E:\\WealthFlux\\backend\\node_modules\\jest-circus\\build\\jestAdapterInit.js:765:3)\n    at runAndTransformResultsToJestFormat (E:\\WealthFlux\\backend\\node_modules\\jest-circus\\build\\jestAdapterInit.js:1993:21)\n    at jestAdapter (E:\\WealthFlux\\backend\\node_modules\\jest-circus\\build\\runner.js:111:19)\n    at runTestInternal (E:\\WealthFlux\\backend\\node_modules\\jest-runner\\build\\index.js:276:16)\n    at runTest (E:\\WealthFlux\\backend\\node_modules\\jest-runner\\build\\index.js:344:7)"],"fullName":"Budgets Service (Unit Tests) resetBudget() should reset budget spent amount for new period","invocations":1,"location":null,"numPassingAsserts":0,"retryReasons":[],"startAt":1783492794045,"status":"failed","title":"should reset budget spent amount for new period"},{"ancestorTitles":["Budgets Service (Unit Tests)","resetBudget()"],"duration":0,"failing":false,"failureDetails":[{}],"failureMessages":["Error: Budget not found\n    at Object.resetBudget (E:\\WealthFlux\\backend\\src\\modules\\budgets\\budgets.service.js:255:13)\n    at Object.resetBudget (E:\\WealthFlux\\backend\\tests\\unit\\budgets.service.test.js:352:43)\n    at Promise.finally.completed (E:\\WealthFlux\\backend\\node_modules\\jest-circus\\build\\jestAdapterInit.js:1561:28)\n    at new Promise (<anonymous>)\n    at callAsyncCircusFn (E:\\WealthFlux\\backend\\node_modules\\jest-circus\\build\\jestAdapterInit.js:1501:10)\n    at _callCircusTest (E:\\WealthFlux\\backend\\node_modules\\jest-circus\\build\\jestAdapterInit.js:1011:40)\n    at processTicksAndRejections (node:internal/process/task_queues:104:5)\n    at _runTest (E:\\WealthFlux\\backend\\node_modules\\jest-circus\\build\\jestAdapterInit.js:951:3)\n    at E:\\WealthFlux\\backend\\node_modules\\jest-circus\\build\\jestAdapterInit.js:853:7\n    at _runTestsForDescribeBlock (E:\\WealthFlux\\backend\\node_modules\\jest-circus\\build\\jestAdapterInit.js:866:11)\n    at _runTestsForDescribeBlock (E:\\WealthFlux\\backend\\node_modules\\jest-circus\\build\\jestAdapterInit.js:861:11)\n    at _runTestsForDescribeBlock (E:\\WealthFlux\\backend\\node_modules\\jest-circus\\build\\jestAdapterInit.js:861:11)\n    at run (E:\\WealthFlux\\backend\\node_modules\\jest-circus\\build\\jestAdapterInit.js:765:3)\n    at runAndTransformResultsToJestFormat (E:\\WealthFlux\\backend\\node_modules\\jest-circus\\build\\jestAdapterInit.js:1993:21)\n    at jestAdapter (E:\\WealthFlux\\backend\\node_modules\\jest-circus\\build\\runner.js:111:19)\n    at runTestInternal (E:\\WealthFlux\\backend\\node_modules\\jest-runner\\build\\index.js:276:16)\n    at runTest (E:\\WealthFlux\\backend\\node_modules\\jest-runner\\build\\index.js:344:7)"],"fullName":"Budgets Service (Unit Tests) resetBudget() should archive old budget and create new one","invocations":1,"location":null,"numPassingAsserts":0,"retryReasons":[],"startAt":1783492794046,"status":"failed","title":"should archive old budget and create new one"}],"endTime":1783492794106,"message":"\u001b[1m\u001b[31m  \u001b[1m● \u001b[22m\u001b[1mBudgets Service (Unit Tests) › getBudgetStatus() › should return budget status with spending\u001b[39m\u001b[22m\n\n    Budget not found\n\u001b[2m\u001b[22m\n\u001b[2m    \u001b[0m \u001b[90m 170 |\u001b[39m     \u001b[36mconst\u001b[39m budget \u001b[33m=\u001b[39m budgetsStore\u001b[33m.\u001b[39m\u001b[36mget\u001b[39m(id)\u001b[33m;\u001b[39m\u001b[22m\n\u001b[2m     \u001b[90m 171 |\u001b[39m     \u001b[36mif\u001b[39m (\u001b[33m!\u001b[39mbudget) {\u001b[22m\n\u001b[2m    \u001b[31m\u001b[1m>\u001b[22m\u001b[2m\u001b[39m\u001b[90m 172 |\u001b[39m       \u001b[36mthrow\u001b[39m \u001b[36mnew\u001b[39m \u001b[33mError\u001b[39m(\u001b[32m'Budget not found'\u001b[39m)\u001b[33m;\u001b[39m\u001b[22m\n\u001b[2m     \u001b[90m     |\u001b[39m             \u001b[31m\u001b[1m^\u001b[22m\u001b[2m\u001b[39m\u001b[22m\n\u001b[2m     \u001b[90m 173 |\u001b[39m     }\u001b[22m\n\u001b[2m     \u001b[90m 174 |\u001b[39m\u001b[22m\n\u001b[2m     \u001b[90m 175 |\u001b[39m     \u001b[36mconst\u001b[39m summary \u001b[33m=\u001b[39m toBudgetSummary(budget)\u001b[33m;\u001b[39m\u001b[0m\u001b[22m\n\u001b[2m\u001b[22m\n\u001b[2m      \u001b[2mat Object.getBudgetStatus (\u001b[22m\u001b[2msrc/modules/budgets/budgets.service.js\u001b[2m:172:13)\u001b[22m\u001b[2m\u001b[22m\n\u001b[2m      \u001b[2mat Object.getBudgetStatus (\u001b[22m\u001b[2m\u001b[0m\u001b[36mtests/unit/budgets.service.test.js\u001b[39m\u001b[0m\u001b[2m:178:43)\u001b[22m\u001b[2m\u001b[22m\n\n\u001b[1m\u001b[31m  \u001b[1m● \u001b[22m\u001b[1mBudgets Service (Unit Tests) › getBudgetStatus() › should provide warning threshold\u001b[39m\u001b[22m\n\n    Budget not found\n\u001b[2m\u001b[22m\n\u001b[2m    \u001b[0m \u001b[90m 170 |\u001b[39m     \u001b[36mconst\u001b[39m budget \u001b[33m=\u001b[39m budgetsStore\u001b[33m.\u001b[39m\u001b[36mget\u001b[39m(id)\u001b[33m;\u001b[39m\u001b[22m\n\u001b[2m     \u001b[90m 171 |\u001b[39m     \u001b[36mif\u001b[39m (\u001b[33m!\u001b[39mbudget) {\u001b[22m\n\u001b[2m    \u001b[31m\u001b[1m>\u001b[22m\u001b[2m\u001b[39m\u001b[90m 172 |\u001b[39m       \u001b[36mthrow\u001b[39m \u001b[36mnew\u001b[39m \u001b[33mError\u001b[39m(\u001b[32m'Budget not found'\u001b[39m)\u001b[33m;\u001b[39m\u001b[22m\n\u001b[2m     \u001b[90m     |\u001b[39m             \u001b[31m\u001b[1m^\u001b[22m\u001b[2m\u001b[39m\u001b[22m\n\u001b[2m     \u001b[90m 173 |\u001b[39m     }\u001b[22m\n\u001b[2m     \u001b[90m 174 |\u001b[39m\u001b[22m\n\u001b[2m     \u001b[90m 175 |\u001b[39m     \u001b[36mconst\u001b[39m summary \u001b[33m=\u001b[39m toBudgetSummary(budget)\u001b[33m;\u001b[39m\u001b[0m\u001b[22m\n\u001b[2m\u001b[22m\n\u001b[2m      \u001b[2mat Object.getBudgetStatus (\u001b[22m\u001b[2msrc/modules/budgets/budgets.service.js\u001b[2m:172:13)\u001b[22m\u001b[2m\u001b[22m\n\u001b[2m      \u001b[2mat Object.getBudgetStatus (\u001b[22m\u001b[2m\u001b[0m\u001b[36mtests/unit/budgets.service.test.js\u001b[39m\u001b[0m\u001b[2m:201:43)\u001b[22m\u001b[2m\u001b[22m\n\n\u001b[1m\u001b[31m  \u001b[1m● \u001b[22m\u001b[1mBudgets Service (Unit Tests) › trackBudgetSpending() › should update budget spending from transactions\u001b[39m\u001b[22m\n\n    Budget not found\n\u001b[2m\u001b[22m\n\u001b[2m    \u001b[0m \u001b[90m 187 |\u001b[39m     \u001b[36mconst\u001b[39m budget \u001b[33m=\u001b[39m budgetsStore\u001b[33m.\u001b[39m\u001b[36mget\u001b[39m(id)\u001b[33m;\u001b[39m\u001b[22m\n\u001b[2m     \u001b[90m 188 |\u001b[39m     \u001b[36mif\u001b[39m (\u001b[33m!\u001b[39mbudget) {\u001b[22m\n\u001b[2m    \u001b[31m\u001b[1m>\u001b[22m\u001b[2m\u001b[39m\u001b[90m 189 |\u001b[39m       \u001b[36mthrow\u001b[39m \u001b[36mnew\u001b[39m \u001b[33mError\u001b[39m(\u001b[32m'Budget not found'\u001b[39m)\u001b[33m;\u001b[39m\u001b[22m\n\u001b[2m     \u001b[90m     |\u001b[39m             \u001b[31m\u001b[1m^\u001b[22m\u001b[2m\u001b[39m\u001b[22m\n\u001b[2m     \u001b[90m 190 |\u001b[39m     }\u001b[22m\n\u001b[2m     \u001b[90m 191 |\u001b[39m\u001b[22m\n\u001b[2m     \u001b[90m 192 |\u001b[39m     \u001b[36mconst\u001b[39m txnDate \u001b[33m=\u001b[39m \u001b[36mnew\u001b[39m \u001b[33mDate\u001b[39m(transaction\u001b[33m.\u001b[39mdate)\u001b[33m;\u001b[39m\u001b[0m\u001b[22m\n\u001b[2m\u001b[22m\n\u001b[2m      \u001b[2mat Object.trackBudgetSpending (\u001b[22m\u001b[2msrc/modules/budgets/budgets.service.js\u001b[2m:189:13)\u001b[22m\u001b[2m\u001b[22m\n\u001b[2m      \u001b[2mat Object.trackBudgetSpending (\u001b[22m\u001b[2m\u001b[0m\u001b[36mtests/unit/budgets.service.test.js\u001b[39m\u001b[0m\u001b[2m:235:43)\u001b[22m\u001b[2m\u001b[22m\n\n\u001b[1m\u001b[31m  \u001b[1m● \u001b[22m\u001b[1mBudgets Service (Unit Tests) › compareWithPreviousPeriod() › should compare current budget with previous period\u001b[39m\u001b[22m\n\n    Budget not found\n\u001b[2m\u001b[22m\n\u001b[2m    \u001b[0m \u001b[90m 216 |\u001b[39m     \u001b[36mconst\u001b[39m budget \u001b[33m=\u001b[39m budgetsStore\u001b[33m.\u001b[39m\u001b[36mget\u001b[39m(id)\u001b[33m;\u001b[39m\u001b[22m\n\u001b[2m     \u001b[90m 217 |\u001b[39m     \u001b[36mif\u001b[39m (\u001b[33m!\u001b[39mbudget) {\u001b[22m\n\u001b[2m    \u001b[31m\u001b[1m>\u001b[22m\u001b[2m\u001b[39m\u001b[90m 218 |\u001b[39m       \u001b[36mthrow\u001b[39m \u001b[36mnew\u001b[39m \u001b[33mError\u001b[39m(\u001b[32m'Budget not found'\u001b[39m)\u001b[33m;\u001b[39m\u001b[22m\n\u001b[2m     \u001b[90m     |\u001b[39m             \u001b[31m\u001b[1m^\u001b[22m\u001b[2m\u001b[39m\u001b[22m\n\u001b[2m     \u001b[90m 219 |\u001b[39m     }\u001b[22m\n\u001b[2m     \u001b[90m 220 |\u001b[39m\u001b[22m\n\u001b[2m     \u001b[90m 221 |\u001b[39m     \u001b[36mconst\u001b[39m currentSpent \u001b[33m=\u001b[39m budget\u001b[33m.\u001b[39mspent\u001b[33m;\u001b[39m\u001b[0m\u001b[22m\n\u001b[2m\u001b[22m\n\u001b[2m      \u001b[2mat Object.compareWithPreviousPeriod (\u001b[22m\u001b[2msrc/modules/budgets/budgets.service.js\u001b[2m:218:13)\u001b[22m\u001b[2m\u001b[22m\n\u001b[2m      \u001b[2mat Object.compareWithPreviousPeriod (\u001b[22m\u001b[2m\u001b[0m\u001b[36mtests/unit/budgets.service.test.js\u001b[39m\u001b[0m\u001b[2m:290:43)\u001b[22m\u001b[2m\u001b[22m\n\n\u001b[1m\u001b[31m  \u001b[1m● \u001b[22m\u001b[1mBudgets Service (Unit Tests) › compareWithPreviousPeriod() › should identify spending trends\u001b[39m\u001b[22m\n\n    Budget not found\n\u001b[2m\u001b[22m\n\u001b[2m    \u001b[0m \u001b[90m 216 |\u001b[39m     \u001b[36mconst\u001b[39m budget \u001b[33m=\u001b[39m budgetsStore\u001b[33m.\u001b[39m\u001b[36mget\u001b[39m(id)\u001b[33m;\u001b[39m\u001b[22m\n\u001b[2m     \u001b[90m 217 |\u001b[39m     \u001b[36mif\u001b[39m (\u001b[33m!\u001b[39mbudget) {\u001b[22m\n\u001b[2m    \u001b[31m\u001b[1m>\u001b[22m\u001b[2m\u001b[39m\u001b[90m 218 |\u001b[39m       \u001b[36mthrow\u001b[39m \u001b[36mnew\u001b[39m \u001b[33mError\u001b[39m(\u001b[32m'Budget not found'\u001b[39m)\u001b[33m;\u001b[39m\u001b[22m\n\u001b[2m     \u001b[90m     |\u001b[39m             \u001b[31m\u001b[1m^\u001b[22m\u001b[2m\u001b[39m\u001b[22m\n\u001b[2m     \u001b[90m 219 |\u001b[39m     }\u001b[22m\n\u001b[2m     \u001b[90m 220 |\u001b[39m\u001b[22m\n\u001b[2m     \u001b[90m 221 |\u001b[39m     \u001b[36mconst\u001b[39m currentSpent \u001b[33m=\u001b[39m budget\u001b[33m.\u001b[39mspent\u001b[33m;\u001b[39m\u001b[0m\u001b[22m\n\u001b[2m\u001b[22m\n\u001b[2m      \u001b[2mat Object.compareWithPreviousPeriod (\u001b[22m\u001b[2msrc/modules/budgets/budgets.service.js\u001b[2m:218:13)\u001b[22m\u001b[2m\u001b[22m\n\u001b[2m      \u001b[2mat Object.compareWithPreviousPeriod (\u001b[22m\u001b[2m\u001b[0m\u001b[36mtests/unit/budgets.service.test.js\u001b[39m\u001b[0m\u001b[2m:301:43)\u001b[22m\u001b[2m\u001b[22m\n\n\u001b[1m\u001b[31m  \u001b[1m● \u001b[22m\u001b[1mBudgets Service (Unit Tests) › getSuggestedBudgets() › should only suggest for categories with transaction history\u001b[39m\u001b[22m\n\n    \u001b[2mexpect(\u001b[22m\u001b[31mreceived\u001b[39m\u001b[2m).\u001b[22mtoBeGreaterThan\u001b[2m(\u001b[22m\u001b[32mexpected\u001b[39m\u001b[2m)\u001b[22m\n\n    Expected: > \u001b[32m0\u001b[39m\n    Received:   \u001b[31m0\u001b[39m\n\u001b[2m\u001b[22m\n\u001b[2m    \u001b[0m \u001b[90m 332 |\u001b[39m\u001b[22m\n\u001b[2m     \u001b[90m 333 |\u001b[39m       result\u001b[33m.\u001b[39mforEach((suggestion) \u001b[33m=>\u001b[39m {\u001b[22m\n\u001b[2m    \u001b[31m\u001b[1m>\u001b[22m\u001b[2m\u001b[39m\u001b[90m 334 |\u001b[39m         expect(suggestion\u001b[33m.\u001b[39maverageSpending)\u001b[33m.\u001b[39mtoBeGreaterThan(\u001b[35m0\u001b[39m)\u001b[33m;\u001b[39m\u001b[22m\n\u001b[2m     \u001b[90m     |\u001b[39m                                            \u001b[31m\u001b[1m^\u001b[22m\u001b[2m\u001b[39m\u001b[22m\n\u001b[2m     \u001b[90m 335 |\u001b[39m       })\u001b[33m;\u001b[39m\u001b[22m\n\u001b[2m     \u001b[90m 336 |\u001b[39m     })\u001b[33m;\u001b[39m\u001b[22m\n\u001b[2m     \u001b[90m 337 |\u001b[39m   })\u001b[33m;\u001b[39m\u001b[0m\u001b[22m\n\u001b[2m\u001b[22m\n\u001b[2m      \u001b[2mat toBeGreaterThan (\u001b[22m\u001b[2m\u001b[0m\u001b[36mtests/unit/budgets.service.test.js\u001b[39m\u001b[0m\u001b[2m:334:44)\u001b[22m\u001b[2m\u001b[22m\n\u001b[2m          at Array.forEach (<anonymous>)\u001b[22m\n\u001b[2m      \u001b[2mat Object.forEach (\u001b[22m\u001b[2m\u001b[0m\u001b[36mtests/unit/budgets.service.test.js\u001b[39m\u001b[0m\u001b[2m:333:14)\u001b[22m\u001b[2m\u001b[22m\n\n\u001b[1m\u001b[31m  \u001b[1m● \u001b[22m\u001b[1mBudgets Service (Unit Tests) › resetBudget() › should reset budget spent amount for new period\u001b[39m\u001b[22m\n\n    Budget not found\n\u001b[2m\u001b[22m\n\u001b[2m    \u001b[0m \u001b[90m 253 |\u001b[39m     \u001b[36mconst\u001b[39m budget \u001b[33m=\u001b[39m budgetsStore\u001b[33m.\u001b[39m\u001b[36mget\u001b[39m(id)\u001b[33m;\u001b[39m\u001b[22m\n\u001b[2m     \u001b[90m 254 |\u001b[39m     \u001b[36mif\u001b[39m (\u001b[33m!\u001b[39mbudget) {\u001b[22m\n\u001b[2m    \u001b[31m\u001b[1m>\u001b[22m\u001b[2m\u001b[39m\u001b[90m 255 |\u001b[39m       \u001b[36mthrow\u001b[39m \u001b[36mnew\u001b[39m \u001b[33mError\u001b[39m(\u001b[32m'Budget not found'\u001b[39m)\u001b[33m;\u001b[39m\u001b[22m\n\u001b[2m     \u001b[90m     |\u001b[39m             \u001b[31m\u001b[1m^\u001b[22m\u001b[2m\u001b[39m\u001b[22m\n\u001b[2m     \u001b[90m 256 |\u001b[39m     }\u001b[22m\n\u001b[2m     \u001b[90m 257 |\u001b[39m\u001b[22m\n\u001b[2m     \u001b[90m 258 |\u001b[39m     budget\u001b[33m.\u001b[39mspent \u001b[33m=\u001b[39m \u001b[35m0\u001b[39m\u001b[33m;\u001b[39m\u001b[0m\u001b[22m\n\u001b[2m\u001b[22m\n\u001b[2m      \u001b[2mat Object.resetBudget (\u001b[22m\u001b[2msrc/modules/budgets/budgets.service.js\u001b[2m:255:13)\u001b[22m\u001b[2m\u001b[22m\n\u001b[2m      \u001b[2mat Object.resetBudget (\u001b[22m\u001b[2m\u001b[0m\u001b[36mtests/unit/budgets.service.test.js\u001b[39m\u001b[0m\u001b[2m:343:43)\u001b[22m\u001b[2m\u001b[22m\n\n\u001b[1m\u001b[31m  \u001b[1m● \u001b[22m\u001b[1mBudgets Service (Unit Tests) › resetBudget() › should archive old budget and create new one\u001b[39m\u001b[22m\n\n    Budget not found\n\u001b[2m\u001b[22m\n\u001b[2m    \u001b[0m \u001b[90m 253 |\u001b[39m     \u001b[36mconst\u001b[39m budget \u001b[33m=\u001b[39m budgetsStore\u001b[33m.\u001b[39m\u001b[36mget\u001b[39m(id)\u001b[33m;\u001b[39m\u001b[22m\n\u001b[2m     \u001b[90m 254 |\u001b[39m     \u001b[36mif\u001b[39m (\u001b[33m!\u001b[39mbudget) {\u001b[22m\n\u001b[2m    \u001b[31m\u001b[1m>\u001b[22m\u001b[2m\u001b[39m\u001b[90m 255 |\u001b[39m       \u001b[36mthrow\u001b[39m \u001b[36mnew\u001b[39m \u001b[33mError\u001b[39m(\u001b[32m'Budget not found'\u001b[39m)\u001b[33m;\u001b[39m\u001b[22m\n\u001b[2m     \u001b[90m     |\u001b[39m             \u001b[31m\u001b[1m^\u001b[22m\u001b[2m\u001b[39m\u001b[22m\n\u001b[2m     \u001b[90m 256 |\u001b[39m     }\u001b[22m\n\u001b[2m     \u001b[90m 257 |\u001b[39m\u001b[22m\n\u001b[2m     \u001b[90m 258 |\u001b[39m     budget\u001b[33m.\u001b[39mspent \u001b[33m=\u001b[39m \u001b[35m0\u001b[39m\u001b[33m;\u001b[39m\u001b[0m\u001b[22m\n\u001b[2m\u001b[22m\n\u001b[2m      \u001b[2mat Object.resetBudget (\u001b[22m\u001b[2msrc/modules/budgets/budgets.service.js\u001b[2m:255:13)\u001b[22m\u001b[2m\u001b[22m\n\u001b[2m      \u001b[2mat Object.resetBudget (\u001b[22m\u001b[2m\u001b[0m\u001b[36mtests/unit/budgets.service.test.js\u001b[39m\u001b[0m\u001b[2m:352:43)\u001b[22m\u001b[2m\u001b[22m\n","name":"E:\\WealthFlux\\backend\\tests\\unit\\budgets.service.test.js","startTime":1783492791690,"status":"failed","summary":""},{"assertionResults":[{"ancestorTitles":["Bills Feature Integration Tests","GET /api/bills"],"duration":null,"failing":false,"failureDetails":[],"failureMessages":[],"fullName":"Bills Feature Integration Tests GET /api/bills should fetch bills and dynamically calculate status as overdue if date has passed","invocations":1,"location":null,"numPassingAsserts":0,"retryReasons":[],"startAt":1783492795924,"status":"pending","title":"should fetch bills and dynamically calculate status as overdue if date has passed"},{"ancestorTitles":["Bills Feature Integration Tests","POST /api/bills"],"duration":null,"failing":false,"failureDetails":[],"failureMessages":[],"fullName":"Bills Feature Integration Tests POST /api/bills should successfully create a bill","invocations":1,"location":null,"numPassingAsserts":0,"retryReasons":[],"startAt":1783492795924,"status":"pending","title":"should successfully create a bill"},{"ancestorTitles":["Bills Feature Integration Tests","GET /api/bills/:id"],"duration":null,"failing":false,"failureDetails":[],"failureMessages":[],"fullName":"Bills Feature Integration Tests GET /api/bills/:id should return a 404 AppError if the bill does not exist or belong to the user","invocations":1,"location":null,"numPassingAsserts":0,"retryReasons":[],"startAt":1783492795924,"status":"pending","title":"should return a 404 AppError if the bill does not exist or belong to the user"},{"ancestorTitles":["Bills Feature Integration Tests","PATCH /api/bills/:id/pay"],"duration":null,"failing":false,"failureDetails":[],"failureMessages":[],"fullName":"Bills Feature Integration Tests PATCH /api/bills/:id/pay should mark an unpaid bill as paid","invocations":1,"location":null,"numPassingAsserts":0,"retryReasons":[],"startAt":1783492795924,"status":"pending","title":"should mark an unpaid bill as paid"},{"ancestorTitles":["Bills Feature Integration Tests","PATCH /api/bills/:id/pay"],"duration":null,"failing":false,"failureDetails":[],"failureMessages":[],"fullName":"Bills Feature Integration Tests PATCH /api/bills/:id/pay should generate the next bill instance automatically if recurring","invocations":1,"location":null,"numPassingAsserts":0,"retryReasons":[],"startAt":1783492795924,"status":"pending","title":"should generate the next bill instance automatically if recurring"},{"ancestorTitles":["Bills Feature Integration Tests","PATCH /api/bills/:id/pay"],"duration":null,"failing":false,"failureDetails":[],"failureMessages":[],"fullName":"Bills Feature Integration Tests PATCH /api/bills/:id/pay should return 400 Bad Request if the bill is already paid","invocations":1,"location":null,"numPassingAsserts":0,"retryReasons":[],"startAt":1783492795924,"status":"pending","title":"should return 400 Bad Request if the bill is already paid"},{"ancestorTitles":["Bills Feature Integration Tests","PATCH /api/bills/:id/unpay"],"duration":null,"failing":false,"failureDetails":[],"failureMessages":[],"fullName":"Bills Feature Integration Tests PATCH /api/bills/:id/unpay should roll back a paid bill to unpaid status","invocations":1,"location":null,"numPassingAsserts":0,"retryReasons":[],"startAt":1783492795924,"status":"pending","title":"should roll back a paid bill to unpaid status"},{"ancestorTitles":["Bills Feature Integration Tests","PATCH /api/bills/:id/unpay"],"duration":null,"failing":false,"failureDetails":[],"failureMessages":[],"fullName":"Bills Feature Integration Tests PATCH /api/bills/:id/unpay should error out if trying to unpay an already unpaid bill","invocations":1,"location":null,"numPassingAsserts":0,"retryReasons":[],"startAt":1783492795924,"status":"pending","title":"should error out if trying to unpay an already unpaid bill"},{"ancestorTitles":["Bills Feature Integration Tests","DELETE /api/bills/:id"],"duration":null,"failing":false,"failureDetails":[],"failureMessages":[],"fullName":"Bills Feature Integration Tests DELETE /api/bills/:id should complete soft-deletion if user owns the bill","invocations":1,"location":null,"numPassingAsserts":0,"retryReasons":[],"startAt":1783492795924,"status":"pending","title":"should complete soft-deletion if user owns the bill"},{"ancestorTitles":["Bills Feature Integration Tests","GET /api/bills/filter/overdue"],"duration":null,"failing":false,"failureDetails":[],"failureMessages":[],"fullName":"Bills Feature Integration Tests GET /api/bills/filter/overdue should pull records flagged as overdue via DB filters","invocations":1,"location":null,"numPassingAsserts":0,"retryReasons":[],"startAt":1783492795924,"status":"pending","title":"should pull records flagged as overdue via DB filters"}],"coverage":{},"endTime":1783492820593,"message":"","name":"E:\\WealthFlux\\backend\\tests\\bills.test.js","startTime":1783492820593,"status":"skipped","summary":""},{"assertionResults":[{"ancestorTitles":["Goals"],"duration":64,"failing":false,"failureDetails":[],"failureMessages":[],"fullName":"Goals Create Goal","invocations":1,"location":null,"numPassingAsserts":1,"retryReasons":[],"startAt":1783492804650,"status":"passed","title":"Create Goal"}],"endTime":1783492804718,"message":"","name":"E:\\WealthFlux\\backend\\tests\\goals.test.js","startTime":1783492795936,"status":"passed","summary":""},{"assertionResults":[{"ancestorTitles":["AI Routes"],"duration":16,"failing":false,"failureDetails":[],"failureMessages":[],"fullName":"AI Routes Generate Insight","invocations":1,"location":null,"numPassingAsserts":1,"retryReasons":[],"startAt":1783492808593,"status":"passed","title":"Generate Insight"}],"endTime":1783492808612,"message":"","name":"E:\\WealthFlux\\backend\\tests\\ai.test.js","startTime":1783492804731,"status":"passed","summary":""},{"assertionResults":[{"ancestorTitles":["auth.service login()"],"duration":17,"failing":false,"failureDetails":[],"failureMessages":[],"fullName":"auth.service login() rejects when the email does not exist","invocations":1,"location":null,"numPassingAsserts":1,"retryReasons":[],"startAt":1783492809048,"status":"passed","title":"rejects when the email does not exist"},{"ancestorTitles":["auth.service login()"],"duration":1,"failing":false,"failureDetails":[],"failureMessages":[],"fullName":"auth.service login() rejects OAuth-only accounts without a password hash","invocations":1,"location":null,"numPassingAsserts":1,"retryReasons":[],"startAt":1783492809066,"status":"passed","title":"rejects OAuth-only accounts without a password hash"},{"ancestorTitles":["auth.service login()"],"duration":829,"failing":false,"failureDetails":[],"failureMessages":[],"fullName":"auth.service login() authenticates when email casing differs but password matches","invocations":1,"location":null,"numPassingAsserts":3,"retryReasons":[],"startAt":1783492809067,"status":"passed","title":"authenticates when email casing differs but password matches"}],"endTime":1783492809898,"message":"","name":"E:\\WealthFlux\\backend\\tests\\unit\\auth.login.test.js","startTime":1783492808621,"status":"passed","summary":""},{"assertionResults":[{"ancestorTitles":["Auth Routes","POST /api/auth/register"],"duration":43,"failing":false,"failureDetails":[],"failureMessages":[],"fullName":"Auth Routes POST /api/auth/register should reject missing fields","invocations":1,"location":null,"numPassingAsserts":1,"retryReasons":[],"startAt":1783492811239,"status":"passed","title":"should reject missing fields"},{"ancestorTitles":["Auth Routes","POST /api/auth/register"],"duration":10,"failing":false,"failureDetails":[],"failureMessages":[],"fullName":"Auth Routes POST /api/auth/register should register user","invocations":1,"location":null,"numPassingAsserts":1,"retryReasons":[],"startAt":1783492811282,"status":"passed","title":"should register user"},{"ancestorTitles":["Auth Routes","POST /api/auth/login"],"duration":10,"failing":false,"failureDetails":[],"failureMessages":[],"fullName":"Auth Routes POST /api/auth/login should reject empty credentials","invocations":1,"location":null,"numPassingAsserts":1,"retryReasons":[],"startAt":1783492811292,"status":"passed","title":"should reject empty credentials"},{"ancestorTitles":["Auth Routes","POST /api/auth/login"],"duration":51,"failing":false,"failureDetails":[],"failureMessages":[],"fullName":"Auth Routes POST /api/auth/login should return response for login attempt","invocations":1,"location":null,"numPassingAsserts":1,"retryReasons":[],"startAt":1783492811302,"status":"passed","title":"should return response for login attempt"},{"ancestorTitles":["Auth Routes","GET /api/auth/profile"],"duration":6,"failing":false,"failureDetails":[],"failureMessages":[],"fullName":"Auth Routes GET /api/auth/profile should require authentication if route exists","invocations":1,"location":null,"numPassingAsserts":1,"retryReasons":[],"startAt":1783492811353,"status":"passed","title":"should require authentication if route exists"}],"endTime":1783492811361,"message":"","name":"E:\\WealthFlux\\backend\\tests\\integration\\auth.routes.test.js","startTime":1783492809906,"status":"passed","summary":""},{"assertionResults":[{"ancestorTitles":["Transactions Service (Unit Tests)","createTransaction()"],"duration":50,"failing":false,"failureDetails":[],"failureMessages":[],"fullName":"Transactions Service (Unit Tests) createTransaction() should create income transaction with valid data","invocations":1,"location":null,"numPassingAsserts":4,"retryReasons":[],"startAt":1783492812381,"status":"passed","title":"should create income transaction with valid data"},{"ancestorTitles":["Transactions Service (Unit Tests)","createTransaction()"],"duration":35,"failing":false,"failureDetails":[],"failureMessages":[],"fullName":"Transactions Service (Unit Tests) createTransaction() should create expense transaction with valid data","invocations":1,"location":null,"numPassingAsserts":3,"retryReasons":[],"startAt":1783492812432,"status":"passed","title":"should create expense transaction with valid data"},{"ancestorTitles":["Transactions Service (Unit Tests)","createTransaction()"],"duration":33,"failing":false,"failureDetails":[],"failureMessages":[],"fullName":"Transactions Service (Unit Tests) createTransaction() should reject transaction with missing required fields","invocations":1,"location":null,"numPassingAsserts":1,"retryReasons":[],"startAt":1783492812467,"status":"passed","title":"should reject transaction with missing required fields"},{"ancestorTitles":["Transactions Service (Unit Tests)","createTransaction()"],"duration":3,"failing":false,"failureDetails":[],"failureMessages":[],"fullName":"Transactions Service (Unit Tests) createTransaction() should reject transaction with zero amount","invocations":1,"location":null,"numPassingAsserts":1,"retryReasons":[],"startAt":1783492812500,"status":"passed","title":"should reject transaction with zero amount"},{"ancestorTitles":["Transactions Service (Unit Tests)","createTransaction()"],"duration":1,"failing":false,"failureDetails":[],"failureMessages":[],"fullName":"Transactions Service (Unit Tests) createTransaction() should reject transaction with negative amount","invocations":1,"location":null,"numPassingAsserts":1,"retryReasons":[],"startAt":1783492812503,"status":"passed","title":"should reject transaction with negative amount"},{"ancestorTitles":["Transactions Service (Unit Tests)","createTransaction()"],"duration":20,"failing":false,"failureDetails":[],"failureMessages":[],"fullName":"Transactions Service (Unit Tests) createTransaction() should reject invalid transaction type","invocations":1,"location":null,"numPassingAsserts":1,"retryReasons":[],"startAt":1783492812504,"status":"passed","title":"should reject invalid transaction type"},{"ancestorTitles":["Transactions Service (Unit Tests)","getTransactionById()"],"duration":9,"failing":false,"failureDetails":[],"failureMessages":[],"fullName":"Transactions Service (Unit Tests) getTransactionById() should retrieve transaction by ID","invocations":1,"location":null,"numPassingAsserts":2,"retryReasons":[],"startAt":1783492812524,"status":"passed","title":"should retrieve transaction by ID"},{"ancestorTitles":["Transactions Service (Unit Tests)","getTransactionById()"],"duration":2,"failing":false,"failureDetails":[],"failureMessages":[],"fullName":"Transactions Service (Unit Tests) getTransactionById() should throw error for non-existent transaction","invocations":1,"location":null,"numPassingAsserts":1,"retryReasons":[],"startAt":1783492812533,"status":"passed","title":"should throw error for non-existent transaction"},{"ancestorTitles":["Transactions Service (Unit Tests)","getTransactionsByUserId()"],"duration":65,"failing":false,"failureDetails":[],"failureMessages":[],"fullName":"Transactions Service (Unit Tests) getTransactionsByUserId() should retrieve all transactions for user","invocations":1,"location":null,"numPassingAsserts":4,"retryReasons":[],"startAt":1783492812535,"status":"passed","title":"should retrieve all transactions for user"},{"ancestorTitles":["Transactions Service (Unit Tests)","getTransactionsByUserId()"],"duration":4,"failing":false,"failureDetails":[],"failureMessages":[],"fullName":"Transactions Service (Unit Tests) getTransactionsByUserId() should filter transactions by type","invocations":1,"location":null,"numPassingAsserts":3,"retryReasons":[],"startAt":1783492812600,"status":"passed","title":"should filter transactions by type"},{"ancestorTitles":["Transactions Service (Unit Tests)","getTransactionsByUserId()"],"duration":2,"failing":false,"failureDetails":[],"failureMessages":[],"fullName":"Transactions Service (Unit Tests) getTransactionsByUserId() should filter transactions by category","invocations":1,"location":null,"numPassingAsserts":4,"retryReasons":[],"startAt":1783492812604,"status":"passed","title":"should filter transactions by category"},{"ancestorTitles":["Transactions Service (Unit Tests)","getTransactionsByUserId()"],"duration":3,"failing":false,"failureDetails":[],"failureMessages":[],"fullName":"Transactions Service (Unit Tests) getTransactionsByUserId() should filter transactions by date range","invocations":1,"location":null,"numPassingAsserts":7,"retryReasons":[],"startAt":1783492812606,"status":"passed","title":"should filter transactions by date range"},{"ancestorTitles":["Transactions Service (Unit Tests)","updateTransaction()"],"duration":10,"failing":false,"failureDetails":[],"failureMessages":[],"fullName":"Transactions Service (Unit Tests) updateTransaction() should update transaction with valid data","invocations":1,"location":null,"numPassingAsserts":3,"retryReasons":[],"startAt":1783492812609,"status":"passed","title":"should update transaction with valid data"},{"ancestorTitles":["Transactions Service (Unit Tests)","updateTransaction()"],"duration":1,"failing":false,"failureDetails":[],"failureMessages":[],"fullName":"Transactions Service (Unit Tests) updateTransaction() should not allow changing transaction type","invocations":1,"location":null,"numPassingAsserts":1,"retryReasons":[],"startAt":1783492812619,"status":"passed","title":"should not allow changing transaction type"},{"ancestorTitles":["Transactions Service (Unit Tests)","updateTransaction()"],"duration":2,"failing":false,"failureDetails":[],"failureMessages":[],"fullName":"Transactions Service (Unit Tests) updateTransaction() should throw error for non-existent transaction","invocations":1,"location":null,"numPassingAsserts":1,"retryReasons":[],"startAt":1783492812620,"status":"passed","title":"should throw error for non-existent transaction"},{"ancestorTitles":["Transactions Service (Unit Tests)","deleteTransaction()"],"duration":20,"failing":false,"failureDetails":[],"failureMessages":[],"fullName":"Transactions Service (Unit Tests) deleteTransaction() should delete transaction successfully","invocations":1,"location":null,"numPassingAsserts":1,"retryReasons":[],"startAt":1783492812623,"status":"passed","title":"should delete transaction successfully"},{"ancestorTitles":["Transactions Service (Unit Tests)","deleteTransaction()"],"duration":2,"failing":false,"failureDetails":[],"failureMessages":[],"fullName":"Transactions Service (Unit Tests) deleteTransaction() should throw error for non-existent transaction","invocations":1,"location":null,"numPassingAsserts":1,"retryReasons":[],"startAt":1783492812643,"status":"passed","title":"should throw error for non-existent transaction"},{"ancestorTitles":["Transactions Service (Unit Tests)","getTransactionStats()"],"duration":6,"failing":false,"failureDetails":[],"failureMessages":[],"fullName":"Transactions Service (Unit Tests) getTransactionStats() should calculate income and expense totals","invocations":1,"location":null,"numPassingAsserts":4,"retryReasons":[],"startAt":1783492812645,"status":"passed","title":"should calculate income and expense totals"},{"ancestorTitles":["Transactions Service (Unit Tests)","getTransactionStats()"],"duration":2,"failing":false,"failureDetails":[],"failureMessages":[],"fullName":"Transactions Service (Unit Tests) getTransactionStats() should provide stats for date range","invocations":1,"location":null,"numPassingAsserts":3,"retryReasons":[],"startAt":1783492812651,"status":"passed","title":"should provide stats for date range"},{"ancestorTitles":["Transactions Service (Unit Tests)","getCategoryBreakdown()"],"duration":4,"failing":false,"failureDetails":[],"failureMessages":[],"fullName":"Transactions Service (Unit Tests) getCategoryBreakdown() should provide spending breakdown by category","invocations":1,"location":null,"numPassingAsserts":1,"retryReasons":[],"startAt":1783492812653,"status":"passed","title":"should provide spending breakdown by category"},{"ancestorTitles":["Transactions Service (Unit Tests)","getCategoryBreakdown()"],"duration":2,"failing":false,"failureDetails":[],"failureMessages":[],"fullName":"Transactions Service (Unit Tests) getCategoryBreakdown() should filter category breakdown by transaction type","invocations":1,"location":null,"numPassingAsserts":1,"retryReasons":[],"startAt":1783492812657,"status":"passed","title":"should filter category breakdown by transaction type"},{"ancestorTitles":["Transactions Service (Unit Tests)","getDuplicateTransactions()"],"duration":0,"failing":false,"failureDetails":[],"failureMessages":[],"fullName":"Transactions Service (Unit Tests) getDuplicateTransactions() should identify duplicate transactions","invocations":1,"location":null,"numPassingAsserts":2,"retryReasons":[],"startAt":1783492812659,"status":"passed","title":"should identify duplicate transactions"},{"ancestorTitles":["Transactions Service (Unit Tests)","bulkCreateTransactions()"],"duration":15,"failing":false,"failureDetails":[],"failureMessages":[],"fullName":"Transactions Service (Unit Tests) bulkCreateTransactions() should create multiple transactions","invocations":1,"location":null,"numPassingAsserts":2,"retryReasons":[],"startAt":1783492812659,"status":"passed","title":"should create multiple transactions"},{"ancestorTitles":["Transactions Service (Unit Tests)","bulkCreateTransactions()"],"duration":27,"failing":false,"failureDetails":[],"failureMessages":[],"fullName":"Transactions Service (Unit Tests) bulkCreateTransactions() should handle partial failures in bulk create","invocations":1,"location":null,"numPassingAsserts":2,"retryReasons":[],"startAt":1783492812674,"status":"passed","title":"should handle partial failures in bulk create"}],"endTime":1783492812704,"message":"","name":"E:\\WealthFlux\\backend\\tests\\unit\\transactions.service.test.js","startTime":1783492811369,"status":"passed","summary":""},{"assertionResults":[{"ancestorTitles":["Auth Service (Production Grade)","hashPassword()"],"duration":118,"failing":false,"failureDetails":[],"failureMessages":[],"fullName":"Auth Service (Production Grade) hashPassword() should hash password correctly","invocations":1,"location":null,"numPassingAsserts":3,"retryReasons":[],"startAt":1783492813793,"status":"passed","title":"should hash password correctly"},{"ancestorTitles":["Auth Service (Production Grade)","comparePassword()"],"duration":258,"failing":false,"failureDetails":[],"failureMessages":[],"fullName":"Auth Service (Production Grade) comparePassword() should validate correct password","invocations":1,"location":null,"numPassingAsserts":1,"retryReasons":[],"startAt":1783492813912,"status":"passed","title":"should validate correct password"},{"ancestorTitles":["Auth Service (Production Grade)","comparePassword()"],"duration":234,"failing":false,"failureDetails":[],"failureMessages":[],"fullName":"Auth Service (Production Grade) comparePassword() should reject incorrect password","invocations":1,"location":null,"numPassingAsserts":1,"retryReasons":[],"startAt":1783492814170,"status":"passed","title":"should reject incorrect password"},{"ancestorTitles":["Auth Service (Production Grade)","signAccessToken()"],"duration":1,"failing":false,"failureDetails":[],"failureMessages":[],"fullName":"Auth Service (Production Grade) signAccessToken() should generate valid JWT access token","invocations":1,"location":null,"numPassingAsserts":4,"retryReasons":[],"startAt":1783492814404,"status":"passed","title":"should generate valid JWT access token"},{"ancestorTitles":["Auth Service (Production Grade)","signRefreshToken()"],"duration":0,"failing":false,"failureDetails":[],"failureMessages":[],"fullName":"Auth Service (Production Grade) signRefreshToken() should generate valid refresh token","invocations":1,"location":null,"numPassingAsserts":3,"retryReasons":[],"startAt":1783492814406,"status":"passed","title":"should generate valid refresh token"},{"ancestorTitles":["Auth Service (Production Grade)","JWT validation"],"duration":6,"failing":false,"failureDetails":[],"failureMessages":[],"fullName":"Auth Service (Production Grade) JWT validation should validate access token using secret","invocations":1,"location":null,"numPassingAsserts":2,"retryReasons":[],"startAt":1783492814407,"status":"passed","title":"should validate access token using secret"},{"ancestorTitles":["Auth Service (Production Grade)","JWT validation"],"duration":37,"failing":false,"failureDetails":[],"failureMessages":[],"fullName":"Auth Service (Production Grade) JWT validation should throw error for invalid token","invocations":1,"location":null,"numPassingAsserts":1,"retryReasons":[],"startAt":1783492814413,"status":"passed","title":"should throw error for invalid token"}],"endTime":1783492814453,"message":"","name":"E:\\WealthFlux\\backend\\tests\\unit\\auth.service.test.js","startTime":1783492812732,"status":"passed","summary":""},{"assertionResults":[{"ancestorTitles":["Bills Service (Unit Tests)","createBill()"],"duration":69,"failing":false,"failureDetails":[],"failureMessages":[],"fullName":"Bills Service (Unit Tests) createBill() should create a bill with valid data","invocations":1,"location":null,"numPassingAsserts":3,"retryReasons":[],"startAt":1783492815036,"status":"passed","title":"should create a bill with valid data"},{"ancestorTitles":["Bills Service (Unit Tests)","createBill()"],"duration":53,"failing":false,"failureDetails":[],"failureMessages":[],"fullName":"Bills Service (Unit Tests) createBill() should reject bill creation with missing required fields","invocations":1,"location":null,"numPassingAsserts":1,"retryReasons":[],"startAt":1783492815105,"status":"passed","title":"should reject bill creation with missing required fields"},{"ancestorTitles":["Bills Service (Unit Tests)","createBill()"],"duration":69,"failing":false,"failureDetails":[],"failureMessages":[],"fullName":"Bills Service (Unit Tests) createBill() should reject bill with missing amount","invocations":1,"location":null,"numPassingAsserts":1,"retryReasons":[],"startAt":1783492815159,"status":"passed","title":"should reject bill with missing amount"},{"ancestorTitles":["Bills Service (Unit Tests)","createBill()"],"duration":67,"failing":false,"failureDetails":[],"failureMessages":[],"fullName":"Bills Service (Unit Tests) createBill() should reject bill with missing due date","invocations":1,"location":null,"numPassingAsserts":1,"retryReasons":[],"startAt":1783492815229,"status":"passed","title":"should reject bill with missing due date"},{"ancestorTitles":["Bills Service (Unit Tests)","getBillById()"],"duration":80,"failing":false,"failureDetails":[],"failureMessages":[],"fullName":"Bills Service (Unit Tests) getBillById() should retrieve bill by ID","invocations":1,"location":null,"numPassingAsserts":3,"retryReasons":[],"startAt":1783492815296,"status":"passed","title":"should retrieve bill by ID"},{"ancestorTitles":["Bills Service (Unit Tests)","getBillById()"],"duration":19,"failing":false,"failureDetails":[],"failureMessages":[],"fullName":"Bills Service (Unit Tests) getBillById() should throw error for non-existent bill","invocations":1,"location":null,"numPassingAsserts":1,"retryReasons":[],"startAt":1783492815376,"status":"passed","title":"should throw error for non-existent bill"},{"ancestorTitles":["Bills Service (Unit Tests)","getAllBills()"],"duration":23,"failing":false,"failureDetails":[],"failureMessages":[],"fullName":"Bills Service (Unit Tests) getAllBills() should retrieve all bills for a user","invocations":1,"location":null,"numPassingAsserts":4,"retryReasons":[],"startAt":1783492815396,"status":"passed","title":"should retrieve all bills for a user"},{"ancestorTitles":["Bills Service (Unit Tests)","getAllBills()"],"duration":17,"failing":false,"failureDetails":[],"failureMessages":[],"fullName":"Bills Service (Unit Tests) getAllBills() should return empty array for user with no bills","invocations":1,"location":null,"numPassingAsserts":2,"retryReasons":[],"startAt":1783492815420,"status":"passed","title":"should return empty array for user with no bills"},{"ancestorTitles":["Bills Service (Unit Tests)","updateBill()"],"duration":21,"failing":false,"failureDetails":[],"failureMessages":[],"fullName":"Bills Service (Unit Tests) updateBill() should update bill with valid data","invocations":1,"location":null,"numPassingAsserts":3,"retryReasons":[],"startAt":1783492815437,"status":"passed","title":"should update bill with valid data"},{"ancestorTitles":["Bills Service (Unit Tests)","updateBill()"],"duration":17,"failing":false,"failureDetails":[],"failureMessages":[],"fullName":"Bills Service (Unit Tests) updateBill() should throw error for non-existent bill update","invocations":1,"location":null,"numPassingAsserts":1,"retryReasons":[],"startAt":1783492815458,"status":"passed","title":"should throw error for non-existent bill update"},{"ancestorTitles":["Bills Service (Unit Tests)","deleteBill()"],"duration":19,"failing":false,"failureDetails":[],"failureMessages":[],"fullName":"Bills Service (Unit Tests) deleteBill() should delete bill successfully","invocations":1,"location":null,"numPassingAsserts":2,"retryReasons":[],"startAt":1783492815476,"status":"passed","title":"should delete bill successfully"},{"ancestorTitles":["Bills Service (Unit Tests)","deleteBill()"],"duration":16,"failing":false,"failureDetails":[],"failureMessages":[],"fullName":"Bills Service (Unit Tests) deleteBill() should throw error when deleting non-existent bill","invocations":1,"location":null,"numPassingAsserts":1,"retryReasons":[],"startAt":1783492815496,"status":"passed","title":"should throw error when deleting non-existent bill"},{"ancestorTitles":["Bills Service (Unit Tests)","getOverdueBills()"],"duration":50,"failing":false,"failureDetails":[],"failureMessages":[],"fullName":"Bills Service (Unit Tests) getOverdueBills() should retrieve overdue bills for user","invocations":1,"location":null,"numPassingAsserts":4,"retryReasons":[],"startAt":1783492815512,"status":"passed","title":"should retrieve overdue bills for user"},{"ancestorTitles":["Bills Service (Unit Tests)","getUpcomingBills()"],"duration":26,"failing":false,"failureDetails":[],"failureMessages":[],"fullName":"Bills Service (Unit Tests) getUpcomingBills() should retrieve upcoming bills for user","invocations":1,"location":null,"numPassingAsserts":4,"retryReasons":[],"startAt":1783492815562,"status":"passed","title":"should retrieve upcoming bills for user"},{"ancestorTitles":["Bills Service (Unit Tests)","markAsPaid()"],"duration":22,"failing":false,"failureDetails":[],"failureMessages":[],"fullName":"Bills Service (Unit Tests) markAsPaid() should mark bill as paid","invocations":1,"location":null,"numPassingAsserts":1,"retryReasons":[],"startAt":1783492815588,"status":"passed","title":"should mark bill as paid"},{"ancestorTitles":["Bills Service (Unit Tests)","markAsPaid()"],"duration":21,"failing":false,"failureDetails":[],"failureMessages":[],"fullName":"Bills Service (Unit Tests) markAsPaid() should not allow marking already paid bill as paid","invocations":1,"location":null,"numPassingAsserts":1,"retryReasons":[],"startAt":1783492815610,"status":"passed","title":"should not allow marking already paid bill as paid"},{"ancestorTitles":["Bills Service (Unit Tests)","markAsPaid()"],"duration":25,"failing":false,"failureDetails":[],"failureMessages":[],"fullName":"Bills Service (Unit Tests) markAsPaid() should auto-create next recurring bill","invocations":1,"location":null,"numPassingAsserts":2,"retryReasons":[],"startAt":1783492815631,"status":"passed","title":"should auto-create next recurring bill"},{"ancestorTitles":["Bills Service (Unit Tests)","markAsUnpaid()"],"duration":22,"failing":false,"failureDetails":[],"failureMessages":[],"fullName":"Bills Service (Unit Tests) markAsUnpaid() should mark paid bill as unpaid","invocations":1,"location":null,"numPassingAsserts":1,"retryReasons":[],"startAt":1783492815656,"status":"passed","title":"should mark paid bill as unpaid"},{"ancestorTitles":["Bills Service (Unit Tests)","markAsUnpaid()"],"duration":19,"failing":false,"failureDetails":[],"failureMessages":[],"fullName":"Bills Service (Unit Tests) markAsUnpaid() should not allow marking unpaid bill as unpaid","invocations":1,"location":null,"numPassingAsserts":1,"retryReasons":[],"startAt":1783492815678,"status":"passed","title":"should not allow marking unpaid bill as unpaid"}],"endTime":1783492815701,"message":"","name":"E:\\WealthFlux\\backend\\tests\\unit\\bills.service.test.js","startTime":1783492814495,"status":"passed","summary":""},{"assertionResults":[{"ancestorTitles":["Budgets Routes","GET /api/budgets"],"duration":9,"failing":false,"failureDetails":[],"failureMessages":[],"fullName":"Budgets Routes GET /api/budgets should return budgets list or require auth","invocations":1,"location":null,"numPassingAsserts":1,"retryReasons":[],"startAt":1783492818445,"status":"passed","title":"should return budgets list or require auth"},{"ancestorTitles":["Budgets Routes","POST /api/budgets"],"duration":49,"failing":false,"failureDetails":[],"failureMessages":[],"fullName":"Budgets Routes POST /api/budgets should fail when fields are missing","invocations":1,"location":null,"numPassingAsserts":1,"retryReasons":[],"startAt":1783492818454,"status":"passed","title":"should fail when fields are missing"},{"ancestorTitles":["Budgets Routes","POST /api/budgets"],"duration":3,"failing":false,"failureDetails":[],"failureMessages":[],"fullName":"Budgets Routes POST /api/budgets should create a budget if valid","invocations":1,"location":null,"numPassingAsserts":1,"retryReasons":[],"startAt":1783492818503,"status":"passed","title":"should create a budget if valid"},{"ancestorTitles":["Budgets Routes","GET /api/budgets/:id"],"duration":3,"failing":false,"failureDetails":[],"failureMessages":[],"fullName":"Budgets Routes GET /api/budgets/:id should return budget or auth error","invocations":1,"location":null,"numPassingAsserts":1,"retryReasons":[],"startAt":1783492818507,"status":"passed","title":"should return budget or auth error"},{"ancestorTitles":["Budgets Routes","PUT /api/budgets/:id"],"duration":3,"failing":false,"failureDetails":[],"failureMessages":[],"fullName":"Budgets Routes PUT /api/budgets/:id should update budget or reject request","invocations":1,"location":null,"numPassingAsserts":1,"retryReasons":[],"startAt":1783492818510,"status":"passed","title":"should update budget or reject request"},{"ancestorTitles":["Budgets Routes","DELETE /api/budgets/:id"],"duration":4,"failing":false,"failureDetails":[],"failureMessages":[],"fullName":"Budgets Routes DELETE /api/budgets/:id should delete budget or return error","invocations":1,"location":null,"numPassingAsserts":1,"retryReasons":[],"startAt":1783492818513,"status":"passed","title":"should delete budget or return error"}],"endTime":1783492818520,"message":"","name":"E:\\WealthFlux\\backend\\tests\\integration\\budgets.routes.test.js","startTime":1783492815711,"status":"passed","summary":""},{"assertionResults":[{"ancestorTitles":["Transactions Routes","GET /api/transactions"],"duration":30,"failing":false,"failureDetails":[],"failureMessages":[],"fullName":"Transactions Routes GET /api/transactions should return transactions list","invocations":1,"location":null,"numPassingAsserts":1,"retryReasons":[],"startAt":1783492819772,"status":"passed","title":"should return transactions list"},{"ancestorTitles":["Transactions Routes","POST /api/transactions"],"duration":24,"failing":false,"failureDetails":[],"failureMessages":[],"fullName":"Transactions Routes POST /api/transactions should return validation error if fields are missing","invocations":1,"location":null,"numPassingAsserts":1,"retryReasons":[],"startAt":1783492819803,"status":"passed","title":"should return validation error if fields are missing"},{"ancestorTitles":["Transactions Routes","POST /api/transactions"],"duration":3,"failing":false,"failureDetails":[],"failureMessages":[],"fullName":"Transactions Routes POST /api/transactions should create transaction successfully","invocations":1,"location":null,"numPassingAsserts":1,"retryReasons":[],"startAt":1783492819827,"status":"passed","title":"should create transaction successfully"},{"ancestorTitles":["Transactions Routes","GET /api/transactions/:id"],"duration":4,"failing":false,"failureDetails":[],"failureMessages":[],"fullName":"Transactions Routes GET /api/transactions/:id should return transaction details","invocations":1,"location":null,"numPassingAsserts":1,"retryReasons":[],"startAt":1783492819831,"status":"passed","title":"should return transaction details"},{"ancestorTitles":["Transactions Routes","PUT /api/transactions/:id"],"duration":4,"failing":false,"failureDetails":[],"failureMessages":[],"fullName":"Transactions Routes PUT /api/transactions/:id should update transaction successfully","invocations":1,"location":null,"numPassingAsserts":1,"retryReasons":[],"startAt":1783492819835,"status":"passed","title":"should update transaction successfully"},{"ancestorTitles":["Transactions Routes","DELETE /api/transactions/:id"],"duration":3,"failing":false,"failureDetails":[],"failureMessages":[],"fullName":"Transactions Routes DELETE /api/transactions/:id should delete transaction successfully","invocations":1,"location":null,"numPassingAsserts":1,"retryReasons":[],"startAt":1783492819839,"status":"passed","title":"should delete transaction successfully"}],"endTime":1783492819845,"message":"","name":"E:\\WealthFlux\\backend\\tests\\integration\\transactions.routes.test.js","startTime":1783492818529,"status":"passed","summary":""},{"assertionResults":[{"ancestorTitles":["authenticate middleware"],"duration":15,"failing":false,"failureDetails":[],"failureMessages":[],"fullName":"authenticate middleware accepts access token from HttpOnly cookie","invocations":1,"location":null,"numPassingAsserts":3,"retryReasons":[],"startAt":1783492820554,"status":"passed","title":"accepts access token from HttpOnly cookie"},{"ancestorTitles":["authenticate middleware"],"duration":2,"failing":false,"failureDetails":[],"failureMessages":[],"fullName":"authenticate middleware prefers Authorization header when both header and cookie are present","invocations":1,"location":null,"numPassingAsserts":2,"retryReasons":[],"startAt":1783492820569,"status":"passed","title":"prefers Authorization header when both header and cookie are present"},{"ancestorTitles":["authenticate middleware"],"duration":1,"failing":false,"failureDetails":[],"failureMessages":[],"fullName":"authenticate middleware returns 401 when no token is provided","invocations":1,"location":null,"numPassingAsserts":3,"retryReasons":[],"startAt":1783492820571,"status":"passed","title":"returns 401 when no token is provided"}],"endTime":1783492820575,"message":"","name":"E:\\WealthFlux\\backend\\tests\\unit\\authorize.middleware.test.js","startTime":1783492819854,"status":"passed","summary":""}],"wasInterrupted":false}
